C
C  Boron Carbide (B4C)                                              
C
C  **1                                                                     
C  **2  The atom fraction of boron carbide (B4C) is used                   
C  **3  Boron is enriched to 75 w/o B-10                                   
C  **4  The density of B4Cis 2.48 g/cc                                     
C  **5  The MNCP material number is 999                                    
C  **6                                                                     
C
C   Summary of MatMCNP (Version 4.0) Calculations:
C
C  Isotope  Number Fraction    Weight Fraction       Atoms/b-cm
C   B-10        0.613890           0.580004          0.0865111
C   B-11        0.186110           0.193335          0.0262272
C   C-12        0.197860           0.224036          0.0278830
C   C-13        0.002140           0.002626          0.0003016
C
C  The total compound atom density (atom/b-cm):  0.1409229
C
C
C  This material contains an isotope that is often modified by 
C  an S(alpha,beta). Check MCNP Manual Appendix G to see if an
C  S(alpha,beta) card (i.e., an MTn card) is required.
C
M999    05010.80c   0.613890
        05011.80c   0.186110
        06000.80c   0.200000
C
C  Caution: The natural zaid is used for Carbon.
C
C  To convert a particle flux to rad[Material]
C  use FM  9.1031632E-10 999  -4  1 for neutrons
C   or FM  9.1031632E-10 999  -5 -6 for photons.
C
